<?xml version="1.0" encoding="utf-8"?><testsuites name="pytest tests"><testsuite name="pytest" errors="0" failures="0" skipped="0" tests="12" time="23.899" timestamp="2026-03-17T19:10:53.704858+00:00" hostname="agent-env-f09cb90f-c503-4da7-a9a4-16ccc272c8bd"><testcase classname="backend.tests.test_auth_users.TestAuthentication" name="test_admin_login_success" time="4.061" /><testcase classname="backend.tests.test_auth_users.TestAuthentication" name="test_member_login_success" time="0.916" /><testcase classname="backend.tests.test_auth_users.TestAuthentication" name="test_login_wrong_password" time="0.933" /><testcase classname="backend.tests.test_auth_users.TestAuthentication" name="test_login_nonexistent_user" time="0.729" /><testcase classname="backend.tests.test_auth_users.TestUserList" name="test_list_users" time="0.862" /><testcase classname="backend.tests.test_auth_users.TestUserCRUD" name="test_create_user_success" time="3.540" /><testcase classname="backend.tests.test_auth_users.TestUserCRUD" name="test_create_duplicate_username_fails" time="0.793" /><testcase classname="backend.tests.test_auth_users.TestUserCRUD" name="test_update_user" time="4.378" /><testcase classname="backend.tests.test_auth_users.TestUserCRUD" name="test_delete_user" time="2.939" /><testcase classname="backend.tests.test_auth_users.TestUserCRUD" name="test_delete_nonexistent_user" time="0.656" /><testcase classname="backend.tests.test_auth_users.TestUserLoginAfterDelete" name="test_deleted_user_cannot_login" time="3.713" /><testcase classname="backend.tests.test_auth_users.TestAPIHealth" name="test_api_root" time="0.188" /></testsuite></testsuites>