<?xml version="1.0" encoding="utf-8"?><testsuites name="pytest tests"><testsuite name="pytest" errors="0" failures="0" skipped="0" tests="7" time="2.723" timestamp="2026-03-17T17:01:02.399804+00:00" hostname="agent-env-f09cb90f-c503-4da7-a9a4-16ccc272c8bd"><testcase classname="tests.test_docverify.TestDocVerifyAPI" name="test_api_root_health" time="0.213" /><testcase classname="tests.test_docverify.TestDocVerifyAPI" name="test_docverify_with_valid_files" time="0.184" /><testcase classname="tests.test_docverify.TestDocVerifyAPI" name="test_docverify_response_has_match_info" time="0.173" /><testcase classname="tests.test_docverify.TestDocVerifyAPI" name="test_docverify_field_comparison" time="0.215" /><testcase classname="tests.test_docverify.TestDocVerifyAPI" name="test_docverify_missing_csv" time="0.197" /><testcase classname="tests.test_docverify.TestDocVerifyAPI" name="test_docverify_missing_pdfs" time="0.174" /><testcase classname="tests.test_docverify.TestAIAnalyzeAPI" name="test_ai_analyze_endpoint_exists" time="1.420" /></testsuite></testsuites>