<?xml version="1.0" encoding="utf-8"?><testsuites name="pytest tests"><testsuite name="pytest" errors="0" failures="0" skipped="0" tests="8" time="23.508" timestamp="2026-03-17T20:26:17.686529+00:00" hostname="agent-env-f09cb90f-c503-4da7-a9a4-16ccc272c8bd"><testcase classname="backend.tests.test_selective_assignment.TestIsAvailableField" name="test_get_users_returns_isAvailable" time="3.791" /><testcase classname="backend.tests.test_selective_assignment.TestIsAvailableField" name="test_create_user_default_isAvailable_true" time="3.066" /><testcase classname="backend.tests.test_selective_assignment.TestIsAvailableField" name="test_create_user_with_isAvailable_false" time="2.390" /><testcase classname="backend.tests.test_selective_assignment.TestUpdateAvailability" name="test_update_isAvailable_to_false" time="4.391" /><testcase classname="backend.tests.test_selective_assignment.TestUpdateAvailability" name="test_update_isAvailable_to_true" time="4.216" /><testcase classname="backend.tests.test_selective_assignment.TestUpdateAvailability" name="test_update_only_isAvailable_preserves_other_fields" time="3.653" /><testcase classname="backend.tests.test_selective_assignment.TestLoginWithIsAvailable" name="test_login_returns_isAvailable" time="0.932" /><testcase classname="backend.tests.test_selective_assignment.TestLoginWithIsAvailable" name="test_admin_login_returns_isAvailable" time="0.925" /></testsuite></testsuites>